Using pre-set license
Built from '2020.3/release' branch; Version is '2020.3.31f1 (6b54b7616050) revision 7034039'; Using compiler version '192528614'; Build Type 'Release'
OS: 'Windows 10  (10.0.10240) 64bit Professional' Language: 'ru' Physical Memory: 8134 MB
BatchMode: 1, IsHumanControllingUs: 0, StartBugReporterOnCrash: 0, Is64bit: 1, IsPro: 0

COMMAND LINE ARGUMENTS:
C:\Program Files\Unity\Hub\Editor\2020.3.31f1\Editor\Unity.exe
-adb2
-batchMode
-noUpm
-name
AssetImportWorker1
-projectPath
E:/GitHub/Game_About_Programmer/GameProject
-logFile
Logs/AssetImportWorker1.log
-srvPort
65503
Successfully changed project path to: E:/GitHub/Game_About_Programmer/GameProject
E:/GitHub/Game_About_Programmer/GameProject
Using Asset Import Pipeline V2.
Refreshing native plugins compatible for Editor in 824.27 ms, found 3 plugins.
Preloading 0 native plugins for Editor in 0.00 ms.
Initialize engine version: 2020.3.31f1 (6b54b7616050)
[Subsystems] Discovering subsystems at path C:/Program Files/Unity/Hub/Editor/2020.3.31f1/Editor/Data/Resources/UnitySubsystems
[Subsystems] Discovering subsystems at path E:/GitHub/Game_About_Programmer/GameProject/Assets
GfxDevice: creating device client; threaded=0
d3d11: QueryInterface(IDXGIFactory5) failed (80004002).
Direct3D:
    Version:  Direct3D 11.0 [level 11.0]
    Renderer: NVIDIA GeForce GT 720 (ID=0x1288)
    Vendor:   
    VRAM:     2007 MB
    Driver:   27.21.14.6172
Initialize mono
Mono path[0] = 'C:/Program Files/Unity/Hub/Editor/2020.3.31f1/Editor/Data/Managed'
Mono path[1] = 'C:/Program Files/Unity/Hub/Editor/2020.3.31f1/Editor/Data/MonoBleedingEdge/lib/mono/unityjit'
Mono config path = 'C:/Program Files/Unity/Hub/Editor/2020.3.31f1/Editor/Data/MonoBleedingEdge/etc'
Using monoOptions --debugger-agent=transport=dt_socket,embedding=1,server=y,suspend=n,address=127.0.0.1:56556
Begin MonoManager ReloadAssembly
Registering precompiled unity dll's ...
Register platform support module: C:/Program Files/Unity/Hub/Editor/2020.3.31f1/Editor/Data/PlaybackEngines/WindowsStandaloneSupport/UnityEditor.WindowsStandalone.Extensions.dll
Registered in 0.002196 seconds.
Native extension for WindowsStandalone target not found
Refreshing native plugins compatible for Editor in 287.90 ms, found 3 plugins.
Preloading 0 native plugins for Editor in 0.00 ms.
Mono: successfully reloaded assembly
- Completed reload, in  8.543 seconds
Domain Reload Profiling:
	ReloadAssembly (8544ms)
		BeginReloadAssembly (496ms)
			ExecutionOrderSort (0ms)
			DisableScriptedObjects (0ms)
			BackupInstance (0ms)
			ReleaseScriptingObjects (0ms)
			CreateAndSetChildDomain (2ms)
		EndReloadAssembly (6736ms)
			LoadAssemblies (493ms)
			RebuildTransferFunctionScriptingTraits (0ms)
			SetupTypeCache (2364ms)
			ReleaseScriptCaches (0ms)
			RebuildScriptCaches (222ms)
			SetupLoadedEditorAssemblies (2166ms)
				LogAssemblyErrors (0ms)
				InitializePlatformSupportModulesInManaged (1208ms)
				SetLoadedEditorAssemblies (1ms)
				RefreshPlugins (288ms)
				BeforeProcessingInitializeOnLoad (72ms)
				ProcessInitializeOnLoadAttributes (440ms)
				ProcessInitializeOnLoadMethodAttributes (156ms)
				AfterProcessingInitializeOnLoad (0ms)
				EditorAssembliesLoaded (1ms)
			ExecutionOrderSort2 (0ms)
			AwakeInstancesAfterBackupRestoration (0ms)
Platform modules already initialized, skipping
Registering precompiled user dll's ...
Registered in 0.021794 seconds.
Begin MonoManager ReloadAssembly
Symbol file data-000000EC76668440 doesn't match image E:\GitHub\Game_About_Programmer\GameProject\Library\ScriptAssemblies\Assembly-CSharp.dll
Symbol file LoadedFromMemory is not a mono symbol file
Symbol file data-000000EC7504B010 doesn't match image E:\GitHub\Game_About_Programmer\GameProject\Library\ScriptAssemblies\Unity.2D.Animation.Editor.dll
Symbol file LoadedFromMemory is not a mono symbol file
Symbol file data-000000EC72EED670 doesn't match image E:\GitHub\Game_About_Programmer\GameProject\Library\ScriptAssemblies\Unity.InternalAPIEngineBridge.001.dll
Symbol file LoadedFromMemory is not a mono symbol file
Symbol file data-000000EC7670A820 doesn't match image E:\GitHub\Game_About_Programmer\GameProject\Library\ScriptAssemblies\Unity.VSCode.Editor.dll
Symbol file LoadedFromMemory is not a mono symbol file
Symbol file data-000000EC7628F440 doesn't match image E:\GitHub\Game_About_Programmer\GameProject\Library\ScriptAssemblies\Unity.2D.PixelPerfect.dll
Symbol file LoadedFromMemory is not a mono symbol file
Symbol file data-000000EC72686330 doesn't match image E:\GitHub\Game_About_Programmer\GameProject\Library\ScriptAssemblies\Unity.2D.Tilemap.Editor.dll
Symbol file LoadedFromMemory is not a mono symbol file
Symbol file data-000000EC7582E020 doesn't match image E:\GitHub\Game_About_Programmer\GameProject\Library\ScriptAssemblies\PsdPlugin.dll
Symbol file LoadedFromMemory is not a mono symbol file
Symbol file data-000000EC75DE2010 doesn't match image E:\GitHub\Game_About_Programmer\GameProject\Library\ScriptAssemblies\Unity.TextMeshPro.Editor.dll
Symbol file LoadedFromMemory is not a mono symbol file
Symbol file data-000000EC7546C030 doesn't match image E:\GitHub\Game_About_Programmer\GameProject\Library\ScriptAssemblies\Unity.VisualStudio.Editor.dll
Symbol file LoadedFromMemory is not a mono symbol file
Symbol file data-000000EC75082220 doesn't match image E:\GitHub\Game_About_Programmer\GameProject\Library\ScriptAssemblies\UnityEngine.TestRunner.dll
Symbol file LoadedFromMemory is not a mono symbol file
Symbol file data-000000EC75E11C30 doesn't match image E:\GitHub\Game_About_Programmer\GameProject\Library\ScriptAssemblies\Unity.Timeline.dll
Symbol file LoadedFromMemory is not a mono symbol file
Symbol file data-000000EC74A9E010 doesn't match image E:\GitHub\Game_About_Programmer\GameProject\Library\ScriptAssemblies\Unity.TextMeshPro.dll
Symbol file LoadedFromMemory is not a mono symbol file
Symbol file data-000000EC75E11C30 doesn't match image E:\GitHub\Game_About_Programmer\GameProject\Library\ScriptAssemblies\UnityEditor.TestRunner.dll
Symbol file LoadedFromMemory is not a mono symbol file
Symbol file data-000000EC7670A820 doesn't match image E:\GitHub\Game_About_Programmer\GameProject\Library\ScriptAssemblies\Unity.2D.IK.Editor.dll
Symbol file LoadedFromMemory is not a mono symbol file
Symbol file data-000000EC75E11C30 doesn't match image E:\GitHub\Game_About_Programmer\GameProject\Library\ScriptAssemblies\Unity.2D.Sprite.Editor.dll
Symbol file LoadedFromMemory is not a mono symbol file
Symbol file data-000000EC7546C030 doesn't match image E:\GitHub\Game_About_Programmer\GameProject\Library\ScriptAssemblies\Unity.2D.Psdimporter.Editor.dll
Symbol file LoadedFromMemory is not a mono symbol file
Symbol file data-000000EC75082220 doesn't match image E:\GitHub\Game_About_Programmer\GameProject\Library\ScriptAssemblies\Unity.2D.Path.Editor.dll
Symbol file LoadedFromMemory is not a mono symbol file
Symbol file data-000000EC74ED6530 doesn't match image E:\GitHub\Game_About_Programmer\GameProject\Library\ScriptAssemblies\Unity.InternalAPIEditorBridge.001.dll
Symbol file LoadedFromMemory is not a mono symbol file
Symbol file data-000000EC7546C030 doesn't match image E:\GitHub\Game_About_Programmer\GameProject\Library\ScriptAssemblies\UnityEditor.UI.dll
Symbol file LoadedFromMemory is not a mono symbol file
Symbol file data-000000EC750F3010 doesn't match image E:\GitHub\Game_About_Programmer\GameProject\Library\ScriptAssemblies\Unity.PlasticSCM.Editor.dll
Symbol file LoadedFromMemory is not a mono symbol file
Symbol file data-000000EC72FD0C20 doesn't match image E:\GitHub\Game_About_Programmer\GameProject\Library\ScriptAssemblies\Unity.Rider.Editor.dll
Symbol file LoadedFromMemory is not a mono symbol file
Symbol file data-000000EC7509F010 doesn't match image E:\GitHub\Game_About_Programmer\GameProject\Library\ScriptAssemblies\UnityEngine.UI.dll
Symbol file LoadedFromMemory is not a mono symbol file
Symbol file data-000000EC74A40090 doesn't match image E:\GitHub\Game_About_Programmer\GameProject\Library\ScriptAssemblies\Unity.Mathematics.dll
Symbol file LoadedFromMemory is not a mono symbol file
Symbol file data-000000EC74ADD840 doesn't match image E:\GitHub\Game_About_Programmer\GameProject\Library\ScriptAssemblies\Unity.2D.IK.Runtime.dll
Symbol file LoadedFromMemory is not a mono symbol file
Symbol file data-000000EC7546C030 doesn't match image E:\GitHub\Game_About_Programmer\GameProject\Library\ScriptAssemblies\Unity.Services.Core.Editor.dll
Symbol file LoadedFromMemory is not a mono symbol file
Symbol file data-000000EC7279B130 doesn't match image E:\GitHub\Game_About_Programmer\GameProject\Library\ScriptAssemblies\Unity.2D.Animation.Triangle.Runtime.dll
Symbol file LoadedFromMemory is not a mono symbol file
Symbol file data-000000EC74F8D430 doesn't match image E:\GitHub\Game_About_Programmer\GameProject\Library\ScriptAssemblies\Unity.2D.Animation.Runtime.dll
Symbol file LoadedFromMemory is not a mono symbol file
Symbol file data-000000EC72430A60 doesn't match image E:\GitHub\Game_About_Programmer\GameProject\Library\ScriptAssemblies\Unity.2D.PixelPerfect.Editor.dll
Symbol file LoadedFromMemory is not a mono symbol file
Symbol file data-000000EC757C9010 doesn't match image E:\GitHub\Game_About_Programmer\GameProject\Library\ScriptAssemblies\Unity.Timeline.Editor.dll
Symbol file LoadedFromMemory is not a mono symbol file
Symbol file data-000000EC750D4E20 doesn't match image E:\GitHub\Game_About_Programmer\GameProject\Library\ScriptAssemblies\Unity.CollabProxy.Editor.dll
Symbol file LoadedFromMemory is not a mono symbol file
Symbol file data-000000EC72BFF490 doesn't match image E:\GitHub\Game_About_Programmer\GameProject\Library\ScriptAssemblies\Unity.Mathematics.Editor.dll
Symbol file LoadedFromMemory is not a mono symbol file
Symbol file data-000000EC760936D0 doesn't match image E:\GitHub\Game_About_Programmer\GameProject\Library\ScriptAssemblies\Unity.2D.Common.Runtime.dll
Symbol file LoadedFromMemory is not a mono symbol file
Symbol file data-000000EC72699540 doesn't match image E:\GitHub\Game_About_Programmer\GameProject\Library\ScriptAssemblies\Unity.2D.SpriteShape.Editor.dll
Symbol file LoadedFromMemory is not a mono symbol file
Symbol file data-000000EC74ADD840 doesn't match image E:\GitHub\Game_About_Programmer\GameProject\Library\ScriptAssemblies\Unity.2D.Common.Editor.dll
Symbol file LoadedFromMemory is not a mono symbol file
Symbol file data-000000EC72DC8D50 doesn't match image E:\GitHub\Game_About_Programmer\GameProject\Library\ScriptAssemblies\Unity.2D.SpriteShape.Runtime.dll
Symbol file LoadedFromMemory is not a mono symbol file
Native extension for WindowsStandalone target not found
Refreshing native plugins compatible for Editor in 295.44 ms, found 3 plugins.
Preloading 0 native plugins for Editor in 0.00 ms.
Mono: successfully reloaded assembly
- Completed reload, in 10.957 seconds
Domain Reload Profiling:
	ReloadAssembly (10958ms)
		BeginReloadAssembly (2075ms)
			ExecutionOrderSort (0ms)
			DisableScriptedObjects (29ms)
			BackupInstance (0ms)
			ReleaseScriptingObjects (0ms)
			CreateAndSetChildDomain (71ms)
		EndReloadAssembly (7675ms)
			LoadAssemblies (3091ms)
			RebuildTransferFunctionScriptingTraits (0ms)
			SetupTypeCache (2099ms)
			ReleaseScriptCaches (1ms)
			RebuildScriptCaches (1048ms)
			SetupLoadedEditorAssemblies (2091ms)
				LogAssemblyErrors (0ms)
				InitializePlatformSupportModulesInManaged (39ms)
				SetLoadedEditorAssemblies (0ms)
				RefreshPlugins (296ms)
				BeforeProcessingInitializeOnLoad (351ms)
				ProcessInitializeOnLoadAttributes (1265ms)
				ProcessInitializeOnLoadMethodAttributes (114ms)
				AfterProcessingInitializeOnLoad (26ms)
				EditorAssembliesLoaded (0ms)
			ExecutionOrderSort2 (0ms)
			AwakeInstancesAfterBackupRestoration (14ms)
Platform modules already initialized, skipping
========================================================================
Worker process is ready to serve import requests
Launched and connected shader compiler UnityShaderCompiler.exe after 0.16 seconds
Refreshing native plugins compatible for Editor in 0.88 ms, found 3 plugins.
Preloading 0 native plugins for Editor in 0.00 ms.
Unloading 2361 Unused Serialized files (Serialized files now loaded: 0)
System memory in use before: 105.2 MB.
System memory in use after: 105.2 MB.

Unloading 31 unused Assets to reduce memory usage. Loaded Objects now: 2794.
Total: 7.061240 ms (FindLiveObjects: 0.252233 ms CreateObjectMapping: 0.147243 ms MarkObjects: 6.495317 ms  DeleteObjects: 0.164848 ms)

AssetImportParameters requested are different than current active one (requested -> active):
  custom:framework-win-MediaFoundation: 216162199b28c13a410421893ffa2e32 -> 
  custom:video-decoder-ogg-theora: a1e56fd34408186e4bbccfd4996cb3dc -> 
  custom:container-muxer-webm: aa71ff27fc2769a1b78a27578f13a17b -> 
  custom:container-demuxer-webm: 4f35f7cbe854078d1ac9338744f61a02 -> 
  custom:container-demuxer-ogg: 62fdf1f143b41e24485cea50d1cbac27 -> 
  custom:video-encoder-webm-vp8: eb34c28f22e8b96e1ab97ce403110664 -> 
  custom:video-codec-MediaFoundation-h265: 55f8c8538cf0483ab7069ead6b737db2 -> 
  custom:video-decoder-webm-vp8: 9c59270c3fd7afecdb556c50c9e8de78 -> 
  custom:audio-decoder-ogg-vorbis: bf7c407c2cedff20999df2af8eb42d56 -> 
  custom:audio-encoder-webm-vorbis: bf7c407c2cedff20999df2af8eb42d56 -> 
========================================================================
Received Import Request.
  path: Assets/FurnitureTile(16x16) (1).png
  artifactKey: Guid(cdf5682f2a4baf54391faf754c5ccf91) Importer(815301076,1909f56bfc062723c751e8b465ee728b)
Start importing Assets/FurnitureTile(16x16) (1).png using Guid(cdf5682f2a4baf54391faf754c5ccf91) Importer(815301076,1909f56bfc062723c751e8b465ee728b)  -> (artifact id: '5a45230a3b1bd8fd22645b0dbfbdad4a') in 0.599831 seconds 
========================================================================
Received Import Request.
  Time since last request: 0.000330 seconds.
  path: Assets/Scenes 1/StreetScene.unity
  artifactKey: Guid(44d62033948075e49b3cf21162010466) Importer(815301076,1909f56bfc062723c751e8b465ee728b)
Start importing Assets/Scenes 1/StreetScene.unity using Guid(44d62033948075e49b3cf21162010466) Importer(815301076,1909f56bfc062723c751e8b465ee728b)  -> (artifact id: 'c319140249d15eca232bf406eb1ad7ed') in 0.003511 seconds 
========================================================================
Received Import Request.
  Time since last request: 0.000877 seconds.
  path: Assets/WallsAndFloorsTile(16x16).png
  artifactKey: Guid(4a3d7144da277974f839df7b9cad5b7b) Importer(815301076,1909f56bfc062723c751e8b465ee728b)
Start importing Assets/WallsAndFloorsTile(16x16).png using Guid(4a3d7144da277974f839df7b9cad5b7b) Importer(815301076,1909f56bfc062723c751e8b465ee728b)  -> (artifact id: '2173cfe695b2ceb5115b20813e399db4') in 1.548478 seconds 
========================================================================
Received Import Request.
  Time since last request: 0.000378 seconds.
  path: Assets/8x8WallsAndFloorsTile(16x16) 1.png
  artifactKey: Guid(922085fb16df4dc43b986a71f247bbf5) Importer(815301076,1909f56bfc062723c751e8b465ee728b)
Start importing Assets/8x8WallsAndFloorsTile(16x16) 1.png using Guid(922085fb16df4dc43b986a71f247bbf5) Importer(815301076,1909f56bfc062723c751e8b465ee728b)  -> (artifact id: 'c26679a2273c9e0cdf55c1ac47c998ce') in 9.875716 seconds 
========================================================================
Received Import Request.
  Time since last request: 43.472483 seconds.
  path: Assets/booksShelf/BookBack.png
  artifactKey: Guid(fb75f399dd3721f4bb3e6b3c700b929e) Importer(815301076,1909f56bfc062723c751e8b465ee728b)
Start importing Assets/booksShelf/BookBack.png using Guid(fb75f399dd3721f4bb3e6b3c700b929e) Importer(815301076,1909f56bfc062723c751e8b465ee728b)  -> (artifact id: '07a4e12192c9cb7372dc0466f5b7658a') in 0.230842 seconds 
========================================================================
Received Import Request.
  Time since last request: 0.129867 seconds.
  path: Assets/booksShelf/BookInsideBlik.png
  artifactKey: Guid(a44d22318a317e64a9100d3eda9331a3) Importer(815301076,1909f56bfc062723c751e8b465ee728b)
Start importing Assets/booksShelf/BookInsideBlik.png using Guid(a44d22318a317e64a9100d3eda9331a3) Importer(815301076,1909f56bfc062723c751e8b465ee728b)  -> (artifact id: 'fb2e500515d15b9cc284edbe12742458') in 0.038537 seconds 
========================================================================
Received Import Request.
  Time since last request: 0.000338 seconds.
  path: Assets/booksShelf/BookFront.png
  artifactKey: Guid(50ba1ec649f2e154087bcd0a5b962169) Importer(815301076,1909f56bfc062723c751e8b465ee728b)
Start importing Assets/booksShelf/BookFront.png using Guid(50ba1ec649f2e154087bcd0a5b962169) Importer(815301076,1909f56bfc062723c751e8b465ee728b)  -> (artifact id: 'c589aa8423dc3c58d1d4e780eef6d500') in 0.516959 seconds 
========================================================================
Received Import Request.
  Time since last request: 0.000292 seconds.
  path: Assets/booksShelf/FurnitureTile(16x16).png
  artifactKey: Guid(e94dca17c8c3a574cb19ed3f20dd7384) Importer(815301076,1909f56bfc062723c751e8b465ee728b)
Start importing Assets/booksShelf/FurnitureTile(16x16).png using Guid(e94dca17c8c3a574cb19ed3f20dd7384) Importer(815301076,1909f56bfc062723c751e8b465ee728b)  -> (artifact id: '7c1cc52e6788d6bc9040489cea241b10') in 0.072047 seconds 
========================================================================
Received Import Request.
  Time since last request: 0.000361 seconds.
  path: Assets/booksShelf/BookInside.png
  artifactKey: Guid(871c5cbecb0e5d04c8ffff4978fd32c8) Importer(815301076,1909f56bfc062723c751e8b465ee728b)
Start importing Assets/booksShelf/BookInside.png using Guid(871c5cbecb0e5d04c8ffff4978fd32c8) Importer(815301076,1909f56bfc062723c751e8b465ee728b)  -> (artifact id: 'd60dc180da230aef0b58e3c882e79476') in 0.014289 seconds 
